<?xml version="1.0" encoding="UTF-8"?>
<!-- Generated by org.testng.reporters.JUnitXMLReporter -->
<testsuite hostname="LAPTOP-1RMVF318" ignored="0" name="Default test(failed)" tests="1" failures="1" timestamp="17 Jan 2020 22:33:01 GMT" time="0.017" errors="0">
  <testcase name="getbrowser" time="0.0" classname="com.automationpractice.testng.ParameterTesting">
    <failure type="org.testng.TestNGException" message="
Parameter &amp;apos;browser&amp;apos; is required by @Test on method getbrowser but has not been marked @Optional or defined
in C:\Users\nefer\git\teamTwoAuto\AutomationPractice\test-output\testng-failed.xml">
      <![CDATA[org.testng.TestNGException: 
Parameter 'browser' is required by @Test on method getbrowser but has not been marked @Optional or defined
in C:\Users\nefer\git\teamTwoAuto\AutomationPractice\test-output\testng-failed.xml
... Removed 24 stack frames]]>
    </failure>
  </testcase> <!-- getbrowser -->
</testsuite> <!-- Default test(failed) -->
