<?xml version="1.0" encoding="UTF-8"?>
<!-- Generated by org.testng.reporters.JUnitXMLReporter -->
<testsuite hostname="LAPTOP-1RMVF318" ignored="0" name="Test" tests="5" failures="0" timestamp="07 Feb 2020 18:02:07 GMT" time="5.581" errors="0">
  <testcase name="@BeforeClass setUpClass" time="0.054" classname="cucumber.api.testng.AbstractTestNGCucumberTests">
    <failure type="cucumber.runtime.CucumberException" message="Couldn&amp;apos;t load plugin class: com.cucumber.listener.ExtentCucumberFormatter">
      <![CDATA[cucumber.runtime.CucumberException: Couldn't load plugin class: com.cucumber.listener.ExtentCucumberFormatter
at cucumber.runtime.formatter.PluginFactory.loadClass(PluginFactory.java:178)
at cucumber.runtime.formatter.PluginFactory.pluginClass(PluginFactory.java:163)
at cucumber.runtime.formatter.PluginFactory.getPluginClass(PluginFactory.java:220)
at cucumber.runtime.formatter.PluginFactory.isStepDefinitionReporterName(PluginFactory.java:203)
at cucumber.runtime.RuntimeOptions$ParsedPluginData.addPluginName(RuntimeOptions.java:386)
at cucumber.runtime.RuntimeOptions.parse(RuntimeOptions.java:165)
at cucumber.runtime.RuntimeOptions.<init>(RuntimeOptions.java:108)
at cucumber.runtime.RuntimeOptions.<init>(RuntimeOptions.java:101)
at cucumber.runtime.RuntimeOptions.<init>(RuntimeOptions.java:97)
at cucumber.runtime.RuntimeOptionsFactory.create(RuntimeOptionsFactory.java:23)
at cucumber.api.testng.TestNGCucumberRunner.<init>(TestNGCucumberRunner.java:49)
at cucumber.api.testng.AbstractTestNGCucumberTests.setUpClass(AbstractTestNGCucumberTests.java:16)
Caused by: java.lang.ClassNotFoundException: com.cucumber.listener.ExtentCucumberFormatter
at java.net.URLClassLoader.findClass(URLClassLoader.java:382)
at java.lang.ClassLoader.loadClass(ClassLoader.java:424)
at sun.misc.Launcher$AppClassLoader.loadClass(Launcher.java:349)
at java.lang.ClassLoader.loadClass(ClassLoader.java:357)
at cucumber.runtime.formatter.PluginFactory.loadClass(PluginFactory.java:171)
... 37 more
... Removed 26 stack frames]]>
    </failure>
  </testcase> <!-- @BeforeClass setUpClass -->
  <testcase name="login" time="0.0" classname="com.runner.TestNGRunner$TestNgRunner">
    <skipped/>
  </testcase> <!-- login -->
  <testcase name="product" time="0.0" classname="com.runner.TestNGRunner$TestNgRunner">
    <skipped/>
  </testcase> <!-- product -->
  <testcase name="addTocart" time="0.0" classname="com.runner.TestNGRunner$TestNgRunner">
    <skipped/>
  </testcase> <!-- addTocart -->
  <testcase name="termsOfService" time="0.0" classname="com.runner.TestNGRunner$TestNgRunner">
    <skipped/>
  </testcase> <!-- termsOfService -->
  <testcase name="checkOut" time="0.0" classname="com.runner.TestNGRunner$TestNgRunner">
    <skipped/>
  </testcase> <!-- checkOut -->
</testsuite> <!-- Test -->
